<?xml version="1.0" encoding="UTF-8"?>
<testng-results ignored="0" total="1" passed="1" failed="0" skipped="0">
  <reporter-output>
  </reporter-output>
  <suite started-at="2024-01-18T09:59:42 IST" name="Default suite" finished-at="2024-01-18T09:59:58 IST" duration-ms="16437">
    <groups>
    </groups>
    <test started-at="2024-01-18T09:59:42 IST" name="Default test" finished-at="2024-01-18T09:59:58 IST" duration-ms="16437">
      <class name="basicMaven.TiraTest">
        <test-method signature="PerfumeTest()[pri:0, instance:basicMaven.TiraTest@7d4f9aae]" started-at="2024-01-18T09:59:42 IST" name="PerfumeTest" finished-at="2024-01-18T09:59:58 IST" duration-ms="16360" status="PASS">
          <reporter-output>
          </reporter-output>
        </test-method> <!-- PerfumeTest -->
      </class> <!-- basicMaven.TiraTest -->
    </test> <!-- Default test -->
  </suite> <!-- Default suite -->
</testng-results>
